<?xml version="1.0" encoding="UTF-8"?>
<TestRun id="ea7a15bd-4233-4b53-b7ce-b6224e049ea8" name="doand@DESKTOP-RTUP5B4 2020-04-18 15:36:57" runUser="DESKTOP-RTUP5B4\doand" xmlns="http://microsoft.com/schemas/VisualStudio/TeamTest/2010">
  <TestSettings name="Local" id="dfb1cde7-6c24-4967-86ba-443f71a8dcfa">
    <Description>These are default test settings for a local test run.</Description>
    <Execution hostProcessPlatform="MSIL">
      <TestTypeSpecific />
      <AgentRule name="Execution Agents">
      </AgentRule>
    </Execution>
    <Deployment runDeploymentRoot="doand_DESKTOP-RTUP5B4 2020-04-18 15_36_57" />
    <Properties>
      <Property name="TestSettingsUIType" value="UnitTest" />
    </Properties>
  </TestSettings>
  <Times creation="2020-04-18T15:36:57.2991546+07:00" queuing="2020-04-18T15:36:57.6274772+07:00" start="2020-04-18T15:36:57.6992614+07:00" finish="2020-04-18T15:37:09.5347749+07:00" />
  <ResultSummary outcome="Completed">
    <Counters total="1" executed="1" passed="1" error="0" failed="0" timeout="0" aborted="0" inconclusive="0" passedButRunAborted="0" notRunnable="0" notExecuted="0" disconnected="0" warning="0" completed="0" inProgress="0" pending="0" />
  </ResultSummary>
  <TestDefinitions>
    <WebTest name="CreateTask" storage="e:\datn\testmicroservice\testmicroservice\createtask.webtest" priority="0" id="2c8a737e-f9d3-428f-b0eb-21469efe4958" persistedWebTest="77u/PD94bWwgdmVyc2lvbj0iMS4wIiBlbmNvZGluZz0iVVRGLTgiIHN0YW5kYWxvbmU9InllcyI/Pg0KPFdlYlRlc3QgTmFtZT0iQ3JlYXRlVGFzayIgSWQ9IjJjOGE3MzdlLWY5ZDMtNDI4Zi1iMGViLTIxNDY5ZWZlNDk1OCIgT3duZXI9IiIgUHJpb3JpdHk9IjAiIEVuYWJsZWQ9IlRydWUiIENzc1Byb2plY3RTdHJ1Y3R1cmU9IiIgQ3NzSXRlcmF0aW9uPSIiIFRpbWVvdXQ9IjAiIFdvcmtJdGVtSWRzPSIiIHhtbG5zPSJodHRwOi8vbWljcm9zb2Z0LmNvbS9zY2hlbWFzL1Zpc3VhbFN0dWRpby9UZWFtVGVzdC8yMDEwIiBEZXNjcmlwdGlvbj0iIiBDcmVkZW50aWFsVXNlck5hbWU9IiIgQ3JlZGVudGlhbFBhc3N3b3JkPSIiIFByZUF1dGhlbnRpY2F0ZT0iVHJ1ZSIgUHJveHk9ImRlZmF1bHQiIFN0b3BPbkVycm9yPSJGYWxzZSIgUmVjb3JkZWRSZXN1bHRGaWxlPSIiIFJlc3VsdHNMb2NhbGU9IiI+DQogIDxJdGVtcz4NCiAgICA8UmVxdWVzdCBNZXRob2Q9IlBPU1QiIEd1aWQ9IjIzYzYwOTQxLWIxMWQtNDUzMS05MTJmLTZhM2JmMzRlODk3NSIgVmVyc2lvbj0iMS4xIiBVcmw9Imh0dHA6Ly8xMDQuMTU0LjY3LjE4NDo4MDAwL3Rhc2svY3JlYXRlVGFzayIgVGhpbmtUaW1lPSIwIiBUaW1lb3V0PSI2MCIgUGFyc2VEZXBlbmRlbnRSZXF1ZXN0cz0iVHJ1ZSIgRm9sbG93UmVkaXJlY3RzPSJUcnVlIiBSZWNvcmRSZXN1bHQ9IlRydWUiIENhY2hlPSJGYWxzZSIgUmVzcG9uc2VUaW1lR29hbD0iMCIgRW5jb2Rpbmc9InV0Zi04IiBFeHBlY3RlZEh0dHBTdGF0dXNDb2RlPSIwIiBFeHBlY3RlZFJlc3BvbnNlVXJsPSIiIFJlcG9ydGluZ05hbWU9IiIgSWdub3JlSHR0cFN0YXR1c0NvZGU9IkZhbHNlIj4NCiAgICAgIDxIZWFkZXJzPg0KICAgICAgICA8SGVhZGVyIE5hbWU9IkFjY2Vzcy1Db250cm9sLUFsbG93LU9yaWdpbiIgVmFsdWU9IioiIC8+DQogICAgICAgIDxIZWFkZXIgTmFtZT0iQ29udGVudC1UeXBlIiBWYWx1ZT0iYXBwbGljYXRpb24vanNvbiIgLz4NCiAgICAgICAgPEhlYWRlciBOYW1lPSJPcmlnaW4iIFZhbHVlPSJodHRwOi8vMzUuMjM4LjcwLjUyIiAvPg0KICAgICAgICA8SGVhZGVyIE5hbWU9IkF1dGhvcml6YXRpb24iIFZhbHVlPSJCZWFyZXIgZXlKaGJHY2lPaUpJVXpVeE1pSjkuZXlKemRXSWlPaUprYjJGdVpIVnVaekkzTURFaUxDSmxlSEFpT2pFMU9EY3lPRE0zTmpneE56TXNJbWxoZENJNk1UVTROekU1TnpNMk9ERTNNeXdpWVhWMGFHOXlhWFJwWlhNaU9sc2lVazlNUlY5VlUwVlNJbDE5LmRhd0RLR0tUYVVUcXJFUzFCMmdzLUJKWWF0UW11d3BGZG16OVA5R1dXMDRfcUEwR3NfRFd3S3VRckRHY1dlSW82UWcza1l3QkRfLTBhcDYxa3FVRm5BIiAvPg0KICAgICAgPC9IZWFkZXJzPg0KICAgICAgPFN0cmluZ0h0dHBCb2R5IENvbnRlbnRUeXBlPSJhcHBsaWNhdGlvbi9qc29uIiBJbnNlcnRCeXRlT3JkZXJNYXJrPSJGYWxzZSI+ZXdBaUFITUFkQUJoQUhJQWRBQlVBR2tBYlFCbEFGWUFhUUJsQUhjQUlnQTZBQ0lBTWdBd0FESUFNQUF0QURBQU5BQXRBREVBT0FCVUFEQUFPQUE2QURBQU9RQTZBRFVBTmdBdUFEQUFOUUF6QUZvQUlnQXNBQ0lBWkFCbEFHRUFaQUJzQUdrQWJnQmxBRllBYVFCbEFIY0FJZ0E2QUNJQU1nQXdBRElBTUFBdEFEQUFOQUF0QURJQU1RQlVBREFBTVFBNkFEQUFPUUE2QURBQU1BQXVBREFBTUFBd0FGb0FJZ0FzQUNJQWNBQnlBR2tBYndCeUFHa0FkQUI1QUNJQU9nQWlBRXdBVHdCWEFDSUFMQUFpQUdNQVlRQjBBR1VBWndCdkFISUFlUUFpQURvQUlnQkdBRVVBUVFCVUFGVUFVZ0JGQUNJQUxBQWlBRzRBWVFCdEFHVUFJZ0E2QUNJQWRBQmxBSE1BZEFBdEFEQUFJZ0FzQUNJQVpBQmxBSE1BWXdCeUFHa0FjQUIwQUdrQWJ3QnVBQ0lBT2dBaUFIUUFaUUJ6QUhRQUxRQXdBQ0lBTEFBaUFHTUFjZ0JsQUdFQWRBQmxBR1FBUWdCNUFDSUFPZ0F6QURNQUxBQWlBSEFBY2dCdkFHb0FaUUJqQUhRQVNRQmtBQ0lBT2dBM0FDd0FJZ0IxQUhNQVpRQnlBSE1BSWdBNkFGc0FNd0F6QUN3QU13QTBBRjBBTEFBaUFITUFkQUJoQUhJQWRBQlVBR2tBYlFCbEFDSUFPZ0FpQURJQU1BQXlBREFBTFFBd0FEUUFMUUF4QURnQUlBQXhBRFVBT2dBd0FEa0FJZ0FzQUNJQVpBQmxBR0VBWkFCc0FHa0FiZ0JsQUNJQU9nQWlBRElBTUFBeUFEQUFMUUF3QURRQUxRQXlBREVBSUFBd0FEZ0FPZ0F3QURrQUlnQXNBQ0lBWXdCeUFHVUFZUUIwQUdVQVpBQlVBR2tBYlFCbEFDSUFPZ0FpQURJQU1BQXlBREFBTFFBd0FEUUFMUUF4QURnQUlBQXhBRFVBT2dBeEFEQUFJZ0FzQUNJQVl3Qm9BR1VBWXdCckFHd0FhUUJ6QUhRQWN3QWlBRG9BV3dCZEFIMEE8L1N0cmluZ0h0dHBCb2R5Pg0KICAgIDwvUmVxdWVzdD4NCiAgICA8UmVxdWVzdCBNZXRob2Q9IkdFVCIgR3VpZD0iYzg1ZWI4MTYtYzFlZC00YTQwLTkyZmUtZGU5ZDU3ODUyOGI4IiBWZXJzaW9uPSIxLjEiIFVybD0iaHR0cDovLzEwNC4xNTQuNjcuMTg0OjgwMDAvdGFzay9nZXRVc2VyVGFza3MvMzMiIFRoaW5rVGltZT0iMCIgVGltZW91dD0iNjAiIFBhcnNlRGVwZW5kZW50UmVxdWVzdHM9IlRydWUiIEZvbGxvd1JlZGlyZWN0cz0iVHJ1ZSIgUmVjb3JkUmVzdWx0PSJUcnVlIiBDYWNoZT0iRmFsc2UiIFJlc3BvbnNlVGltZUdvYWw9IjAiIEVuY29kaW5nPSJ1dGYtOCIgRXhwZWN0ZWRIdHRwU3RhdHVzQ29kZT0iMCIgRXhwZWN0ZWRSZXNwb25zZVVybD0iIiBSZXBvcnRpbmdOYW1lPSIiIElnbm9yZUh0dHBTdGF0dXNDb2RlPSJGYWxzZSI+DQogICAgICA8SGVhZGVycz4NCiAgICAgICAgPEhlYWRlciBOYW1lPSJBY2Nlc3MtQ29udHJvbC1BbGxvdy1PcmlnaW4iIFZhbHVlPSIqIiAvPg0KICAgICAgICA8SGVhZGVyIE5hbWU9Ik9yaWdpbiIgVmFsdWU9Imh0dHA6Ly8zNS4yMzguNzAuNTIiIC8+DQogICAgICAgIDxIZWFkZXIgTmFtZT0iQXV0aG9yaXphdGlvbiIgVmFsdWU9IkJlYXJlciBleUpoYkdjaU9pSklVelV4TWlKOS5leUp6ZFdJaU9pSmtiMkZ1WkhWdVp6STNNREVpTENKbGVIQWlPakUxT0RjeU9ETTNOamd4TnpNc0ltbGhkQ0k2TVRVNE56RTVOek0yT0RFM015d2lZWFYwYUc5eWFYUnBaWE1pT2xzaVVrOU1SVjlWVTBWU0lsMTkuZGF3REtHS1RhVVRxckVTMUIyZ3MtQkpZYXRRbXV3cEZkbXo5UDlHV1cwNF9xQTBHc19EV3dLdVFyREdjV2VJbzZRZzNrWXdCRF8tMGFwNjFrcVVGbkEiIC8+DQogICAgICA8L0hlYWRlcnM+DQogICAgICA8UXVlcnlTdHJpbmdQYXJhbWV0ZXJzPg0KICAgICAgICA8UXVlcnlTdHJpbmdQYXJhbWV0ZXIgTmFtZT0icGFnZSIgVmFsdWU9IjAiIFJlY29yZGVkVmFsdWU9IiIgQ29ycmVsYXRpb25CaW5kaW5nPSIiIFVybEVuY29kZT0iVHJ1ZSIgVXNlVG9Hcm91cFJlc3VsdHM9IkZhbHNlIiAvPg0KICAgICAgICA8UXVlcnlTdHJpbmdQYXJhbWV0ZXIgTmFtZT0ic2l6ZSIgVmFsdWU9IjUiIFJlY29yZGVkVmFsdWU9IiIgQ29ycmVsYXRpb25CaW5kaW5nPSIiIFVybEVuY29kZT0iVHJ1ZSIgVXNlVG9Hcm91cFJlc3VsdHM9IkZhbHNlIiAvPg0KICAgICAgICA8UXVlcnlTdHJpbmdQYXJhbWV0ZXIgTmFtZT0iZmlsdGVyIiBWYWx1ZT0iIiBSZWNvcmRlZFZhbHVlPSIiIENvcnJlbGF0aW9uQmluZGluZz0iIiBVcmxFbmNvZGU9IlRydWUiIFVzZVRvR3JvdXBSZXN1bHRzPSJGYWxzZSIgLz4NCiAgICAgIDwvUXVlcnlTdHJpbmdQYXJhbWV0ZXJzPg0KICAgIDwvUmVxdWVzdD4NCiAgPC9JdGVtcz4NCjwvV2ViVGVzdD4=">
      <Execution id="f8b19069-7e9f-42d1-b2e7-a50e24f8097e" />
    </WebTest>
  </TestDefinitions>
  <TestLists>
    <TestList name="Results Not in a List" id="8c84fa94-04c1-424b-9868-57a2d4851a1d" />
    <TestList name="All Loaded Results" id="19431567-8539-422a-85d7-44ee4e166bda" />
  </TestLists>
  <TestEntries>
    <TestEntry isTransparent="false" testId="2c8a737e-f9d3-428f-b0eb-21469efe4958" executionId="f8b19069-7e9f-42d1-b2e7-a50e24f8097e" testListId="8c84fa94-04c1-424b-9868-57a2d4851a1d" />
  </TestEntries>
  <Results>
    <WebTestResult executionId="f8b19069-7e9f-42d1-b2e7-a50e24f8097e" testId="2c8a737e-f9d3-428f-b0eb-21469efe4958" testName="CreateTask" computerName="DESKTOP-RTUP5B4" duration="00:00:01.0131203" startTime="2020-04-18T15:36:57.8398850+07:00" endTime="2020-04-18T15:37:09.4849094+07:00" testType="4e7599fa-5ecb-43e9-a887-cd63cf72d207" outcome="Passed" testListId="8c84fa94-04c1-424b-9868-57a2d4851a1d" relativeResultsDirectory="f8b19069-7e9f-42d1-b2e7-a50e24f8097e">
      <ResultFiles>
        <ResultFile path="CreateTask.webtestResult" />
      </ResultFiles>
      <TestSettings name="Local" id="dfb1cde7-6c24-4967-86ba-443f71a8dcfa">
        <Description>These are default test settings for a local test run.</Description>
        <Execution hostProcessPlatform="MSIL">
          <TestTypeSpecific>
            <WebTestRunConfiguration testTypeId="4e7599fa-5ecb-43e9-a887-cd63cf72d207">
              <Browser name="Internet Explorer 9.0" MaxConnections="6">
                <Headers>
                  <Header name="User-Agent" value="Mozilla/5.0 (compatible; MSIE 9.0; Windows NT 6.1; Trident/5.0)" />
                  <Header name="Accept" value="*/*" />
                  <Header name="Accept-Language" value="{{$IEAcceptLanguage}}" />
                  <Header name="Accept-Encoding" value="GZIP" />
                </Headers>
              </Browser>
            </WebTestRunConfiguration>
          </TestTypeSpecific>
          <AgentRule name="Execution Agents">
          </AgentRule>
        </Execution>
        <Deployment runDeploymentRoot="doand_DESKTOP-RTUP5B4 2020-04-18 15_36_57" />
        <Properties>
          <Property name="TestSettingsUIType" value="UnitTest" />
        </Properties>
      </TestSettings>
      <WebTestResultFilePath>doand_DESKTOP-RTUP5B4 2020-04-18 15_36_57\In\f8b19069-7e9f-42d1-b2e7-a50e24f8097e\CreateTask.webtestResult</WebTestResultFilePath>
    </WebTestResult>
  </Results>
</TestRun>